<?xml version="1.0" encoding="UTF-8"?>
<!-- Generated by org.testng.reporters.JUnitReportReporter -->
<testsuite hostname="kirubavathi" failures="0" tests="1" name="Runner.AuthenticationrunnerTestCase" time="14.340" errors="0" timestamp="2025-03-10T22:22:16 IST" skipped="0">
  <testcase classname="Runner.AuthenticationrunnerTestCase" name="runScenario" time="14.340"/>
</testsuite> <!-- Runner.AuthenticationrunnerTestCase -->
